<?xml version="1.0" encoding="UTF-8"?>
<testsuite xmlns:xsi="http://www.w3.org/2001/XMLSchema-instance" xsi:schemaLocation="https://maven.apache.org/surefire/maven-surefire-plugin/xsd/surefire-test-report.xsd" name="TestSuite" time="7.186" tests="21" errors="0" skipped="0" failures="0">
  <properties>
    <property name="java.runtime.name" value="Java(TM) SE Runtime Environment"/>
    <property name="sun.boot.library.path" value="C:\Program Files\Java\jdk1.8.0_121\jre\bin"/>
    <property name="java.vm.version" value="25.121-b13"/>
    <property name="java.vm.vendor" value="Oracle Corporation"/>
    <property name="maven.multiModuleProjectDirectory" value="C:\Users\karan\git\RestAssuredN26\RestAssuredN26"/>
    <property name="java.vendor.url" value="http://java.oracle.com/"/>
    <property name="path.separator" value=";"/>
    <property name="guice.disable.misplaced.annotation.check" value="true"/>
    <property name="java.vm.name" value="Java HotSpot(TM) 64-Bit Server VM"/>
    <property name="file.encoding.pkg" value="sun.io"/>
    <property name="user.script" value=""/>
    <property name="user.country" value="US"/>
    <property name="sun.java.launcher" value="SUN_STANDARD"/>
    <property name="sun.os.patch.level" value=""/>
    <property name="java.vm.specification.name" value="Java Virtual Machine Specification"/>
    <property name="user.dir" value="C:\Users\karan\git\RestAssuredN26\RestAssuredN26"/>
    <property name="java.runtime.version" value="1.8.0_121-b13"/>
    <property name="java.awt.graphicsenv" value="sun.awt.Win32GraphicsEnvironment"/>
    <property name="java.endorsed.dirs" value="C:\Program Files\Java\jdk1.8.0_121\jre\lib\endorsed"/>
    <property name="os.arch" value="amd64"/>
    <property name="java.io.tmpdir" value="C:\Users\karan\AppData\Local\Temp\"/>
    <property name="line.separator" value="&#10;"/>
    <property name="java.vm.specification.vendor" value="Oracle Corporation"/>
    <property name="user.variant" value=""/>
    <property name="os.name" value="Windows 10"/>
    <property name="classworlds.conf" value="C:\Users\karan\workspace\.metadata\.plugins\org.eclipse.m2e.launching\launches\m2conf1610826911783995336.tmp"/>
    <property name="sun.jnu.encoding" value="Cp1252"/>
    <property name="java.library.path" value="C:\Program Files\Java\jdk1.8.0_121\bin;C:\WINDOWS\Sun\Java\bin;C:\WINDOWS\system32;C:\WINDOWS;C:/Program Files/Java/jre1.8.0_121/bin/server;C:/Program Files/Java/jre1.8.0_121/bin;C:/Program Files/Java/jre1.8.0_121/lib/amd64;C:\ProgramData\Oracle\Java\javapath;C:\Program Files (x86)\Intel\iCLS Client\;C:\Program Files\Intel\iCLS Client\;C:\windows\system32;C:\windows;C:\windows\System32\Wbem;C:\windows\System32\WindowsPowerShell\v1.0\;C:\Program Files (x86)\NVIDIA Corporation\PhysX\Common;C:\WINDOWS\system32;C:\WINDOWS;C:\WINDOWS\System32\Wbem;C:\WINDOWS\System32\WindowsPowerShell\v1.0\;C:\Program Files\nodejs\;C:\Users\karan\Desktop\eclipse-jee-neon-3-win32-x86_64\apache-maven-3.5.2-bin\apache-maven-3.5.2\bin\;C:\Program Files\Java\jdk1.8.0_121\bin\;%MAVEN_HOME%\bin\;C:\Program Files\Microsoft SQL Server\130\Tools\Binn\;C:\Program Files (x86)\nodejs\;C:\Program Files\Git\cmd;C:\Program Files (x86)\PuTTY\;C:\HashiCorp\Vagrant\bin;C:\Users\karan\AppData\Local\Programs\appium-desktop\;C:\Users\karan\AppData\Local\Android\Sdk\platform-tools\;C:\Users\karan\AppData\Local\Android\Sdk\build-tools\;C:\ProgramData\chocolatey\bin;C:\Program Files\Intel\WiFi\bin\;C:\Program Files\Common Files\Intel\WirelessCommon\;C:\Python25;C:\Python25\Tools\Scripts;C:\Program Files\Docker Toolbox;C:\Users\karan\AppData\Local\Microsoft\WindowsApps;C:\Users\karan\AppData\Roaming\npm;C:\Users\karan\Desktop\eclipse-jee-neon-3-win32-x86_64\apache-maven-3.5.2-bin\apache-maven-3.5.2\;C:\Program Files\Java\jdk1.8.0_121\bin\;%MAVEN_HOME%\bin\;C:\Program Files\Microsoft VS Code\bin;C:\Users\karan\AppData\Local\Programs\Python\Python35-32\Scripts\;C:\Users\karan\AppData\Local\Programs\Python\Python35-32\;C:\Users\karan\AppData\Local\GitHubDesktop\bin;;C:\Users\karan\Desktop\eclipse-jee-neon-3-win32-x86_64\eclipse;;."/>
    <property name="java.specification.name" value="Java Platform API Specification"/>
    <property name="java.class.version" value="52.0"/>
    <property name="sun.management.compiler" value="HotSpot 64-Bit Tiered Compilers"/>
    <property name="os.version" value="10.0"/>
    <property name="user.home" value="C:\Users\karan"/>
    <property name="user.timezone" value="Europe/Berlin"/>
    <property name="java.awt.printerjob" value="sun.awt.windows.WPrinterJob"/>
    <property name="java.specification.version" value="1.8"/>
    <property name="file.encoding" value="Cp1252"/>
    <property name="user.name" value="karan"/>
    <property name="java.class.path" value="C:\Users\karan\Desktop\eclipse-jee-neon-3-win32-x86_64\apache-maven-3.5.2-bin\apache-maven-3.5.2\boot\plexus-classworlds-2.5.2.jar"/>
    <property name="java.vm.specification.version" value="1.8"/>
    <property name="sun.arch.data.model" value="64"/>
    <property name="java.home" value="C:\Program Files\Java\jdk1.8.0_121\jre"/>
    <property name="sun.java.command" value="org.codehaus.plexus.classworlds.launcher.Launcher -B test"/>
    <property name="java.specification.vendor" value="Oracle Corporation"/>
    <property name="user.language" value="en"/>
    <property name="awt.toolkit" value="sun.awt.windows.WToolkit"/>
    <property name="java.vm.info" value="mixed mode"/>
    <property name="java.version" value="1.8.0_121"/>
    <property name="java.ext.dirs" value="C:\Program Files\Java\jdk1.8.0_121\jre\lib\ext;C:\WINDOWS\Sun\Java\lib\ext"/>
    <property name="sun.boot.class.path" value="C:\Program Files\Java\jdk1.8.0_121\jre\lib\resources.jar;C:\Program Files\Java\jdk1.8.0_121\jre\lib\rt.jar;C:\Program Files\Java\jdk1.8.0_121\jre\lib\sunrsasign.jar;C:\Program Files\Java\jdk1.8.0_121\jre\lib\jsse.jar;C:\Program Files\Java\jdk1.8.0_121\jre\lib\jce.jar;C:\Program Files\Java\jdk1.8.0_121\jre\lib\charsets.jar;C:\Program Files\Java\jdk1.8.0_121\jre\lib\jfr.jar;C:\Program Files\Java\jdk1.8.0_121\jre\classes"/>
    <property name="java.vendor" value="Oracle Corporation"/>
    <property name="maven.home" value="C:\Users\karan\Desktop\eclipse-jee-neon-3-win32-x86_64\apache-maven-3.5.2-bin\apache-maven-3.5.2"/>
    <property name="file.separator" value="\"/>
    <property name="java.vendor.url.bug" value="http://bugreport.sun.com/bugreport/"/>
    <property name="sun.cpu.endian" value="little"/>
    <property name="sun.io.unicode.encoding" value="UnicodeLittle"/>
    <property name="sun.desktop" value="windows"/>
    <property name="sun.cpu.isalist" value="amd64"/>
  </properties>
  <testcase name="healthCheck" classname="com.qa.test.ServerHealthCheckTest" time="1.331"/>
  <testcase name="versionInfo" classname="com.qa.test.ServerVersionInfoTest" time="0.019"/>
  <testcase name="testGetProductById" classname="com.qa.test.GetCallProductTest" time="0.608"/>
  <testcase name="testGetAllProduct" classname="com.qa.test.GetCallProductTest" time="0.351"/>
  <testcase name="testGetAllProductWithLimit" classname="com.qa.test.GetCallProductTest" time="0.278"/>
  <testcase name="testGetAllProductSkipByThResult" classname="com.qa.test.GetCallProductTest" time="0.32"/>
  <testcase name="testGetAllProductSortDesc" classname="com.qa.test.GetCallProductTest" time="0.388"/>
  <testcase name="testGetAllProductSortAsec" classname="com.qa.test.GetCallProductTest" time="0.342"/>
  <testcase name="testGetAllProductButOnlyNameAndPrice" classname="com.qa.test.GetCallProductTest" time="0.053"/>
  <testcase name="testGetAllProductSelectByType" classname="com.qa.test.GetCallProductTest" time="0.291"/>
  <testcase name="testGetAllProductPricelte1" classname="com.qa.test.GetCallProductTest" time="0.086"/>
  <testcase name="testGetAllProductNameHavingStarWarsAndPriceLT30" classname="com.qa.test.GetCallProductTest" time="0.062"/>
  <testcase name="testGetAllProductWithPriceEitherOR" classname="com.qa.test.GetCallProductTest" time="0.085"/>
  <testcase name="testGetAllProductWithPriceGT10" classname="com.qa.test.GetCallProductTest" time="0.069"/>
  <testcase name="testGetAllProductTypeNeitherNor" classname="com.qa.test.GetCallProductTest" time="0.096"/>
  <testcase name="testGetAllProductCategoryNameCoffeePods" classname="com.qa.test.GetCallProductTest" time="0.368"/>
  <testcase name="testGetAllProductByLimitAndSkip" classname="com.qa.test.GetCallProductTest" time="0.253"/>
  <testcase name="testGetAllProductByCategoryID" classname="com.qa.test.GetCallProductTest" time="0.121"/>
  <testcase name="postCallProduct" classname="com.qa.test.PostCallProductTest" time="0.291"/>
  <testcase name="putCallProduct" classname="com.qa.test.PutCallProductTest" time="0.185"/>
  <testcase name="testDelete" classname="com.qa.test.DeleteCallProduct" time="0.177"/>
</testsuite>