<?xml version="1.0" encoding="UTF-8"?>
<!-- Generated by org.testng.reporters.JUnitReportReporter -->
<testsuite hostname="LAPTOP-O654JP8L" name="com.qa.test.ServerHealthCheckTest" tests="1" failures="0" timestamp="6 Mar 2018 22:57:15 GMT" time="1.328" errors="0">
  <testcase name="healthCheck" time="1.328" classname="com.qa.test.ServerHealthCheckTest"/>
</testsuite> <!-- com.qa.test.ServerHealthCheckTest -->
