<?xml version="1.0" encoding="UTF-8"?>
<!-- Generated by org.testng.reporters.JUnitReportReporter -->
<testsuite hostname="LAPTOP-O654JP8L" name="com.qa.test.GetCallProductTest" tests="16" failures="0" timestamp="6 Mar 2018 22:57:15 GMT" time="3.717" errors="0">
  <testcase name="testGetAllProductSortAsec" time="0.335" classname="com.qa.test.GetCallProductTest"/>
  <testcase name="testGetAllProductCategoryNameCoffeePods" time="0.343" classname="com.qa.test.GetCallProductTest"/>
  <testcase name="testGetAllProduct" time="0.316" classname="com.qa.test.GetCallProductTest"/>
  <testcase name="testGetAllProductTypeNeitherNor" time="0.095" classname="com.qa.test.GetCallProductTest"/>
  <testcase name="testGetAllProductByLimitAndSkip" time="0.276" classname="com.qa.test.GetCallProductTest"/>
  <testcase name="testGetAllProductSelectByType" time="0.269" classname="com.qa.test.GetCallProductTest"/>
  <testcase name="testGetAllProductPricelte1" time="0.084" classname="com.qa.test.GetCallProductTest"/>
  <testcase name="testGetAllProductSortDesc" time="0.394" classname="com.qa.test.GetCallProductTest"/>
  <testcase name="testGetAllProductButOnlyNameAndPrice" time="0.062" classname="com.qa.test.GetCallProductTest"/>
  <testcase name="testGetAllProductWithPriceGT10" time="0.077" classname="com.qa.test.GetCallProductTest"/>
  <testcase name="testGetAllProductNameHavingStarWarsAndPriceLT30" time="0.083" classname="com.qa.test.GetCallProductTest"/>
  <testcase name="testGetAllProductByCategoryID" time="0.076" classname="com.qa.test.GetCallProductTest"/>
  <testcase name="testGetAllProductWithPriceEitherOR" time="0.075" classname="com.qa.test.GetCallProductTest"/>
  <testcase name="testGetAllProductWithLimit" time="0.286" classname="com.qa.test.GetCallProductTest"/>
  <testcase name="testGetAllProductSkipByThResult" time="0.340" classname="com.qa.test.GetCallProductTest"/>
  <testcase name="testGetProductById" time="0.606" classname="com.qa.test.GetCallProductTest"/>
</testsuite> <!-- com.qa.test.GetCallProductTest -->
