<?xml version="1.0" encoding="UTF-8"?>
<!-- Generated by org.testng.reporters.JUnitReportReporter -->
<testsuite hostname="LAPTOP-O654JP8L" name="com.qa.test.ServerVersionInfoTest" tests="1" failures="0" timestamp="6 Mar 2018 22:57:15 GMT" time="0.017" errors="0">
  <testcase name="versionInfo" time="0.017" classname="com.qa.test.ServerVersionInfoTest"/>
</testsuite> <!-- com.qa.test.ServerVersionInfoTest -->
